Thu Sep 30 2021 23:39:37 GMT+0100 (West Africa Standard Time) : GET /students SUCCESSFUL
Thu Sep 30 2021 23:40:30 GMT+0100 (West Africa Standard Time) : Executing (default): SELECT 1+1 AS result
Thu Sep 30 2021 23:40:37 GMT+0100 (West Africa Standard Time) : Executing (default): SELECT "id", "country", "name", "program", "status", "createdAt", "updatedAt" FROM "Students" AS "Student" ORDER BY "Student"."updatedAt" DESC, "Student"."createdAt" DESC;
Thu Sep 30 2021 23:40:37 GMT+0100 (West Africa Standard Time) : GET /students SUCCESSFUL
Thu Sep 30 2021 23:43:08 GMT+0100 (West Africa Standard Time) : Executing (default): INSERT INTO "Students" ("id","country","name","program","status","createdAt","updatedAt") VALUES ($1,$2,$3,$4,$5,$6,$7) RETURNING *;
Executing (default): SELECT 1+1 AS resultFri Oct 01 2021 00:08:03 GMT+0100 (West Africa Standard Time): Executing (default): SELECT 1+1 AS result
Fri Oct 01 2021 00:08:18 GMT+0100 (West Africa Standard Time): Executing (default): SELECT 1+1 AS result
Fri Oct 01 2021 00:08:28 GMT+0100 (West Africa Standard Time): Executing (default): SELECT "id", "country", "name", "program", "status", "createdAt", "updatedAt" FROM "Students" AS "Student" ORDER BY "Student"."updatedAt" DESC, "Student"."createdAt" DESC;
Fri Oct 01 2021 00:08:28 GMT+0100 (West Africa Standard Time): GET /students SUCCESSFUL
Fri Oct 01 2021 00:09:37 GMT+0100 (West Africa Standard Time): Executing (default): SELECT 1+1 AS result
Fri Oct 01 2021 00:19:16 GMT+0100 (West Africa Standard Time): Executing (default): SELECT 1+1 AS result
Fri Oct 01 2021 00:29:28 GMT+0100 (West Africa Standard Time): Executing (default): SELECT 1+1 AS result
Fri Oct 01 2021 00:30:15 GMT+0100 (West Africa Standard Time): Executing (default): SELECT "id", "country", "name", "program", "status", "createdAt", "updatedAt" FROM "Students" AS "Student" WHERE "Student"."id" = 'd8e682fb-0c16-4ed4-8190-041ffd02b51c';
Fri Oct 01 2021 00:30:15 GMT+0100 (West Africa Standard Time): Executing (default): DELETE FROM "Students" WHERE "id" = 'd8e682fb-0c16-4ed4-8190-041ffd02b51c'
Fri Oct 01 2021 00:30:55 GMT+0100 (West Africa Standard Time): Executing (default): SELECT "id", "country", "name", "program", "status", "createdAt", "updatedAt" FROM "Students" AS "Student" WHERE "Student"."id" = 'd8e682fb-0c16-4ed4-8190-041ffd02b51c';
Fri Oct 01 2021 00:31:21 GMT+0100 (West Africa Standard Time): Executing (default): SELECT "id", "country", "name", "program", "status", "createdAt", "updatedAt" FROM "Students" AS "Student" WHERE "Student"."id" = 'd8e682fb-0c16-4ed4-8190-041ffd02b51c';
Fri Oct 01 2021 00:31:21 GMT+0100 (West Africa Standard Time): DELETE /students/:studentId
Fri Oct 01 2021 00:32:57 GMT+0100 (West Africa Standard Time): Executing (default): SELECT 1+1 AS result
Fri Oct 01 2021 00:33:16 GMT+0100 (West Africa Standard Time): Executing (default): SELECT "id", "country", "name", "program", "status", "createdAt", "updatedAt" FROM "Students" AS "Student" WHERE "Student"."id" = 'd8e682fb-0c16-4ed4-8190-041ffd02b51c';
Fri Oct 01 2021 00:33:16 GMT+0100 (West Africa Standard Time): DELETE /students/:studentId
Fri Oct 01 2021 00:38:16 GMT+0100 (West Africa Standard Time): Executing (default): SELECT 1+1 AS result, [object Object]
Fri Oct 01 2021 00:38:24 GMT+0100 (West Africa Standard Time): Executing (default): SELECT "id", "country", "name", "program", "status", "createdAt", "updatedAt" FROM "Students" AS "Student" WHERE "Student"."id" = 'd8e682fb-0c16-4ed4-8190-041ffd02b51c';, [object Object]
Fri Oct 01 2021 00:38:24 GMT+0100 (West Africa Standard Time): DELETE /students/:studentId , Cannot read property 'destroy' of null
Fri Oct 01 2021 00:40:07 GMT+0100 (West Africa Standard Time): Executing (default): SELECT 1+1 AS result, [object Object]
Fri Oct 01 2021 00:40:15 GMT+0100 (West Africa Standard Time): Executing (default): SELECT "id", "country", "name", "program", "status", "createdAt", "updatedAt" FROM "Students" AS "Student" WHERE "Student"."id" = 'd8e682fb-0c16-4ed4-8190-041ffd02b51c';, [object Object]
Fri Oct 01 2021 00:40:15 GMT+0100 (West Africa Standard Time): DELETE /students/:studentId , Cannot set headers after they are sent to the client
Fri Oct 01 2021 00:40:44 GMT+0100 (West Africa Standard Time): Executing (default): SELECT 1+1 AS result, [object Object]
Fri Oct 01 2021 00:40:53 GMT+0100 (West Africa Standard Time): Executing (default): SELECT 1+1 AS result, [object Object]
Fri Oct 01 2021 00:41:48 GMT+0100 (West Africa Standard Time): Executing (default): SELECT 1+1 AS result, [object Object]
Fri Oct 01 2021 00:44:40 GMT+0100 (West Africa Standard Time): Executing (default): SELECT "id", "country", "name", "program", "status", "createdAt", "updatedAt" FROM "Students" AS "Student" WHERE "Student"."id" = 'd8e682fb-0c16-4ed4-8190-041ffd02b51c';, [object Object]
Fri Oct 01 2021 00:44:40 GMT+0100 (West Africa Standard Time): DELETE /students/:studentId , Cannot set headers after they are sent to the client
Fri Oct 01 2021 00:45:17 GMT+0100 (West Africa Standard Time): Executing (default): SELECT 1+1 AS result, [object Object]
Fri Oct 01 2021 00:45:21 GMT+0100 (West Africa Standard Time): Executing (default): SELECT "id", "country", "name", "program", "status", "createdAt", "updatedAt" FROM "Students" AS "Student" WHERE "Student"."id" = 'd8e682fb-0c16-4ed4-8190-041ffd02b51c';, [object Object]
Fri Oct 01 2021 00:45:21 GMT+0100 (West Africa Standard Time): DELETE /students/:studentId , Cannot set headers after they are sent to the client
Fri Oct 01 2021 00:46:10 GMT+0100 (West Africa Standard Time): Executing (default): SELECT 1+1 AS result, [object Object]
Fri Oct 01 2021 00:46:16 GMT+0100 (West Africa Standard Time): Executing (default): SELECT "id", "country", "name", "program", "status", "createdAt", "updatedAt" FROM "Students" AS "Student" WHERE "Student"."id" = 'd8e682fb-0c16-4ed4-8190-041ffd02b51c';, [object Object]
Fri Oct 01 2021 00:46:17 GMT+0100 (West Africa Standard Time): DELETE /students/:studentId , Cannot set headers after they are sent to the client
Fri Oct 01 2021 00:47:59 GMT+0100 (West Africa Standard Time): Executing (default): SELECT 1+1 AS result, [object Object]
Fri Oct 01 2021 00:50:00 GMT+0100 (West Africa Standard Time): Executing (default): SELECT 1+1 AS result, [object Object]
Fri Oct 01 2021 00:50:11 GMT+0100 (West Africa Standard Time): Executing (default): SELECT "id", "country", "name", "program", "status", "createdAt", "updatedAt" FROM "Students" AS "Student" WHERE "Student"."id" = 'd8e682fb-0c16-4ed4-8190-041ffd02b51c';, [object Object]
Fri Oct 01 2021 00:50:39 GMT+0100 (West Africa Standard Time): Executing (default): SELECT 1+1 AS result, [object Object]
Fri Oct 01 2021 00:50:50 GMT+0100 (West Africa Standard Time): Executing (default): SELECT 1+1 AS result, [object Object]
Fri Oct 01 2021 00:56:30 GMT+0100 (West Africa Standard Time): Executing (default): SELECT 1+1 AS result, [object Object]
Fri Oct 01 2021 00:56:36 GMT+0100 (West Africa Standard Time): Executing (default): SELECT "id", "country", "name", "program", "status", "createdAt", "updatedAt" FROM "Students" AS "Student" WHERE "Student"."id" = 'd8e682fb-0c16-4ed4-8190-041ffd02b51c';, [object Object]
Fri Oct 01 2021 00:56:55 GMT+0100 (West Africa Standard Time): Executing (default): SELECT "id", "country", "name", "program", "status", "createdAt", "updatedAt" FROM "Students" AS "Student" WHERE "Student"."id" = 'd8e682fb-0c16-4ed4-8190-041ffd02b51c';, [object Object]
Fri Oct 01 2021 00:56:55 GMT+0100 (West Africa Standard Time): PATCH /students/:studentId , Student not found
Fri Oct 01 2021 00:56:56 GMT+0100 (West Africa Standard Time): Executing (default): SELECT "id", "country", "name", "program", "status", "createdAt", "updatedAt" FROM "Students" AS "Student" WHERE "Student"."id" = 'd8e682fb-0c16-4ed4-8190-041ffd02b51c';, [object Object]
Fri Oct 01 2021 00:56:56 GMT+0100 (West Africa Standard Time): PATCH /students/:studentId , Student not found
Fri Oct 01 2021 00:58:37 GMT+0100 (West Africa Standard Time): Executing (default): SELECT 1+1 AS result, [object Object]
Fri Oct 01 2021 00:58:41 GMT+0100 (West Africa Standard Time): Executing (default): SELECT "id", "country", "name", "program", "status", "createdAt", "updatedAt" FROM "Students" AS "Student" WHERE "Student"."id" = 'd8e682fb-0c16-4ed4-8190-041ffd02b51c';, [object Object]
Fri Oct 01 2021 00:58:41 GMT+0100 (West Africa Standard Time): PATCH /students/:studentId , Student not found
Fri Oct 01 2021 00:59:01 GMT+0100 (West Africa Standard Time): Executing (default): SELECT 1+1 AS result, [object Object]
Fri Oct 01 2021 00:59:34 GMT+0100 (West Africa Standard Time): Executing (default): SELECT 1+1 AS result, [object Object]
Fri Oct 01 2021 07:22:50 GMT+0100 (West Africa Standard Time): Executing (default): SELECT 1+1 AS result, [object Object]
Fri Oct 01 2021 07:34:12 GMT+0100 (West Africa Standard Time): Executing (default): SELECT "id", "country", "name", "program", "status", "createdAt", "updatedAt" FROM "Students" AS "Student" ORDER BY "Student"."updatedAt" DESC, "Student"."createdAt" DESC;, [object Object]
Fri Oct 01 2021 07:34:13 GMT+0100 (West Africa Standard Time): GET /students SUCCESSFUL
Fri Oct 01 2021 07:55:17 GMT+0100 (West Africa Standard Time): Executing (default): SELECT "id", "country", "name", "program", "status", "createdAt", "updatedAt" FROM "Students" AS "Student" ORDER BY "Student"."updatedAt" DESC, "Student"."createdAt" DESC;, [object Object]
Fri Oct 01 2021 07:55:17 GMT+0100 (West Africa Standard Time): GET /students SUCCESSFUL
Fri Oct 01 2021 07:55:40 GMT+0100 (West Africa Standard Time): Executing (default): SELECT "id", "country", "name", "program", "status", "createdAt", "updatedAt" FROM "Students" AS "Student" ORDER BY "Student"."updatedAt" DESC, "Student"."createdAt" DESC;, [object Object]
Fri Oct 01 2021 07:55:40 GMT+0100 (West Africa Standard Time): GET /students SUCCESSFUL
Fri Oct 01 2021 07:55:46 GMT+0100 (West Africa Standard Time): Executing (default): SELECT "id", "country", "name", "program", "status", "createdAt", "updatedAt" FROM "Students" AS "Student" ORDER BY "Student"."updatedAt" DESC, "Student"."createdAt" DESC;, [object Object]
Fri Oct 01 2021 07:55:46 GMT+0100 (West Africa Standard Time): GET /students SUCCESSFUL
Fri Oct 01 2021 07:55:50 GMT+0100 (West Africa Standard Time): Executing (default): SELECT "id", "country", "name", "program", "status", "createdAt", "updatedAt" FROM "Students" AS "Student" ORDER BY "Student"."updatedAt" DESC, "Student"."createdAt" DESC;, [object Object]
Fri Oct 01 2021 07:55:50 GMT+0100 (West Africa Standard Time): GET /students SUCCESSFUL
Fri Oct 01 2021 07:55:56 GMT+0100 (West Africa Standard Time): Executing (default): SELECT "id", "country", "name", "program", "status", "createdAt", "updatedAt" FROM "Students" AS "Student" ORDER BY "Student"."updatedAt" DESC, "Student"."createdAt" DESC;, [object Object]
Fri Oct 01 2021 07:55:56 GMT+0100 (West Africa Standard Time): GET /students SUCCESSFUL
Fri Oct 01 2021 07:57:06 GMT+0100 (West Africa Standard Time): Executing (default): SELECT "id", "country", "name", "program", "status", "createdAt", "updatedAt" FROM "Students" AS "Student" ORDER BY "Student"."updatedAt" DESC, "Student"."createdAt" DESC;, [object Object]
Fri Oct 01 2021 07:57:06 GMT+0100 (West Africa Standard Time): GET /students SUCCESSFUL
Fri Oct 01 2021 07:57:27 GMT+0100 (West Africa Standard Time): Executing (default): SELECT "id", "country", "name", "program", "status", "createdAt", "updatedAt" FROM "Students" AS "Student" ORDER BY "Student"."updatedAt" DESC, "Student"."createdAt" DESC;, [object Object]
Fri Oct 01 2021 07:57:27 GMT+0100 (West Africa Standard Time): GET /students SUCCESSFUL
Fri Oct 01 2021 07:57:31 GMT+0100 (West Africa Standard Time): Executing (default): SELECT "id", "country", "name", "program", "status", "createdAt", "updatedAt" FROM "Students" AS "Student" ORDER BY "Student"."updatedAt" DESC, "Student"."createdAt" DESC;, [object Object]
Fri Oct 01 2021 07:57:31 GMT+0100 (West Africa Standard Time): GET /students SUCCESSFUL
Fri Oct 01 2021 07:57:46 GMT+0100 (West Africa Standard Time): Executing (default): SELECT "id", "country", "name", "program", "status", "createdAt", "updatedAt" FROM "Students" AS "Student" ORDER BY "Student"."updatedAt" DESC, "Student"."createdAt" DESC;, [object Object]
Fri Oct 01 2021 07:57:46 GMT+0100 (West Africa Standard Time): GET /students SUCCESSFUL
Fri Oct 01 2021 07:58:35 GMT+0100 (West Africa Standard Time): Executing (default): SELECT "id", "country", "name", "program", "status", "createdAt", "updatedAt" FROM "Students" AS "Student" ORDER BY "Student"."updatedAt" DESC, "Student"."createdAt" DESC;, [object Object]
Fri Oct 01 2021 07:58:35 GMT+0100 (West Africa Standard Time): GET /students SUCCESSFUL
Fri Oct 01 2021 07:59:09 GMT+0100 (West Africa Standard Time): Executing (default): SELECT "id", "country", "name", "program", "status", "createdAt", "updatedAt" FROM "Students" AS "Student" ORDER BY "Student"."updatedAt" DESC, "Student"."createdAt" DESC;, [object Object]
Fri Oct 01 2021 07:59:09 GMT+0100 (West Africa Standard Time): GET /students SUCCESSFUL
Fri Oct 01 2021 07:59:32 GMT+0100 (West Africa Standard Time): Executing (default): SELECT "id", "country", "name", "program", "status", "createdAt", "updatedAt" FROM "Students" AS "Student" ORDER BY "Student"."updatedAt" DESC, "Student"."createdAt" DESC;, [object Object]
Fri Oct 01 2021 07:59:32 GMT+0100 (West Africa Standard Time): GET /students SUCCESSFUL
Fri Oct 01 2021 08:02:33 GMT+0100 (West Africa Standard Time): Executing (default): SELECT "id", "country", "name", "program", "status", "createdAt", "updatedAt" FROM "Students" AS "Student" ORDER BY "Student"."updatedAt" DESC, "Student"."createdAt" DESC;, [object Object]
Fri Oct 01 2021 08:02:33 GMT+0100 (West Africa Standard Time): GET /students SUCCESSFUL
Fri Oct 01 2021 08:02:45 GMT+0100 (West Africa Standard Time): Executing (default): SELECT "id", "country", "name", "program", "status", "createdAt", "updatedAt" FROM "Students" AS "Student" ORDER BY "Student"."updatedAt" DESC, "Student"."createdAt" DESC;, [object Object]
Fri Oct 01 2021 08:02:45 GMT+0100 (West Africa Standard Time): GET /students SUCCESSFUL
Fri Oct 01 2021 08:21:30 GMT+0100 (West Africa Standard Time): Executing (default): SELECT "id", "country", "name", "program", "status", "createdAt", "updatedAt" FROM "Students" AS "Student" ORDER BY "Student"."updatedAt" DESC, "Student"."createdAt" DESC;, [object Object]
Fri Oct 01 2021 08:21:30 GMT+0100 (West Africa Standard Time): GET /students SUCCESSFUL
Fri Oct 01 2021 08:21:32 GMT+0100 (West Africa Standard Time): Executing (default): SELECT "id", "country", "name", "program", "status", "createdAt", "updatedAt" FROM "Students" AS "Student" ORDER BY "Student"."updatedAt" DESC, "Student"."createdAt" DESC;, [object Object]
Fri Oct 01 2021 08:21:32 GMT+0100 (West Africa Standard Time): GET /students SUCCESSFUL
Fri Oct 01 2021 08:32:06 GMT+0100 (West Africa Standard Time): Executing (default): SELECT "id", "country", "name", "program", "status", "createdAt", "updatedAt" FROM "Students" AS "Student" ORDER BY "Student"."updatedAt" DESC, "Student"."createdAt" DESC;, [object Object]
Fri Oct 01 2021 08:32:06 GMT+0100 (West Africa Standard Time): GET /students SUCCESSFUL
Fri Oct 01 2021 08:53:38 GMT+0100 (West Africa Standard Time): Executing (default): SELECT "id", "country", "name", "program", "status", "createdAt", "updatedAt" FROM "Students" AS "Student" ORDER BY "Student"."updatedAt" DESC, "Student"."createdAt" DESC;, [object Object]
Fri Oct 01 2021 08:53:38 GMT+0100 (West Africa Standard Time): GET /students SUCCESSFUL
Fri Oct 01 2021 08:53:39 GMT+0100 (West Africa Standard Time): Executing (default): SELECT "id", "country", "name", "program", "status", "createdAt", "updatedAt" FROM "Students" AS "Student" ORDER BY "Student"."updatedAt" DESC, "Student"."createdAt" DESC;, [object Object]
Fri Oct 01 2021 08:53:39 GMT+0100 (West Africa Standard Time): GET /students SUCCESSFUL
Fri Oct 01 2021 08:54:33 GMT+0100 (West Africa Standard Time): Executing (default): SELECT "id", "country", "name", "program", "status", "createdAt", "updatedAt" FROM "Students" AS "Student" ORDER BY "Student"."updatedAt" DESC, "Student"."createdAt" DESC;, [object Object]
Fri Oct 01 2021 08:54:33 GMT+0100 (West Africa Standard Time): GET /students SUCCESSFUL
Fri Oct 01 2021 08:58:04 GMT+0100 (West Africa Standard Time): Executing (default): SELECT "id", "country", "name", "program", "status", "createdAt", "updatedAt" FROM "Students" AS "Student" ORDER BY "Student"."updatedAt" DESC, "Student"."createdAt" DESC;, [object Object]
Fri Oct 01 2021 08:58:04 GMT+0100 (West Africa Standard Time): GET /students SUCCESSFUL
Fri Oct 01 2021 08:58:08 GMT+0100 (West Africa Standard Time): Executing (default): SELECT "id", "country", "name", "program", "status", "createdAt", "updatedAt" FROM "Students" AS "Student" ORDER BY "Student"."updatedAt" DESC, "Student"."createdAt" DESC;, [object Object]
Fri Oct 01 2021 08:58:08 GMT+0100 (West Africa Standard Time): GET /students SUCCESSFUL
Fri Oct 01 2021 08:58:12 GMT+0100 (West Africa Standard Time): Executing (default): SELECT "id", "country", "name", "program", "status", "createdAt", "updatedAt" FROM "Students" AS "Student" ORDER BY "Student"."updatedAt" DESC, "Student"."createdAt" DESC;, [object Object]
Fri Oct 01 2021 08:58:12 GMT+0100 (West Africa Standard Time): GET /students SUCCESSFUL
Fri Oct 01 2021 09:01:20 GMT+0100 (West Africa Standard Time): Executing (default): SELECT 1+1 AS result, [object Object]
Fri Oct 01 2021 09:03:07 GMT+0100 (West Africa Standard Time): Executing (default): SELECT 1+1 AS result, [object Object]
Fri Oct 01 2021 09:03:44 GMT+0100 (West Africa Standard Time): Executing (default): SELECT 1+1 AS result, [object Object]
Fri Oct 01 2021 09:04:14 GMT+0100 (West Africa Standard Time): Executing (default): SELECT 1+1 AS result, [object Object]
Fri Oct 01 2021 09:04:20 GMT+0100 (West Africa Standard Time): Executing (default): SELECT 1+1 AS result, [object Object]
Fri Oct 01 2021 09:04:33 GMT+0100 (West Africa Standard Time): Executing (default): SELECT 1+1 AS result, [object Object]
Fri Oct 01 2021 09:05:18 GMT+0100 (West Africa Standard Time): Executing (default): SELECT 1+1 AS result, [object Object]
Fri Oct 01 2021 09:05:18 GMT+0100 (West Africa Standard Time): Executing (default): SELECT table_name FROM information_schema.tables WHERE table_schema = 'public' AND table_type LIKE '%TABLE' AND table_name != 'spatial_ref_sys';, [object Object]
Fri Oct 01 2021 09:05:18 GMT+0100 (West Africa Standard Time): Executing (default): SELECT pk.constraint_type as "Constraint",c.column_name as "Field", c.column_default as "Default",c.is_nullable as "Null", (CASE WHEN c.udt_name = 'hstore' THEN c.udt_name ELSE c.data_type END) || (CASE WHEN c.character_maximum_length IS NOT NULL THEN '(' || c.character_maximum_length || ')' ELSE '' END) as "Type", (SELECT array_agg(e.enumlabel) FROM pg_catalog.pg_type t JOIN pg_catalog.pg_enum e ON t.oid=e.enumtypid WHERE t.typname=c.udt_name) AS "special", (SELECT pgd.description FROM pg_catalog.pg_statio_all_tables AS st INNER JOIN pg_catalog.pg_description pgd on (pgd.objoid=st.relid) WHERE c.ordinal_position=pgd.objsubid AND c.table_name=st.relname) AS "Comment" FROM information_schema.columns c LEFT JOIN (SELECT tc.table_schema, tc.table_name, cu.column_name, tc.constraint_type FROM information_schema.TABLE_CONSTRAINTS tc JOIN information_schema.KEY_COLUMN_USAGE  cu ON tc.table_schema=cu.table_schema and tc.table_name=cu.table_name and tc.constraint_name=cu.constraint_name and tc.constraint_type='PRIMARY KEY') pk ON pk.table_schema=c.table_schema AND pk.table_name=c.table_name AND pk.column_name=c.column_name WHERE c.table_name = 'SequelizeMeta' AND c.table_schema = 'public', [object Object]
Fri Oct 01 2021 09:05:18 GMT+0100 (West Africa Standard Time): Executing (default): CREATE TABLE IF NOT EXISTS "SequelizeMeta" ("name" VARCHAR(255) NOT NULL UNIQUE , PRIMARY KEY ("name"));, [object Object]
Fri Oct 01 2021 09:05:18 GMT+0100 (West Africa Standard Time): Executing (default): SELECT i.relname AS name, ix.indisprimary AS primary, ix.indisunique AS unique, ix.indkey AS indkey, array_agg(a.attnum) as column_indexes, array_agg(a.attname) AS column_names, pg_get_indexdef(ix.indexrelid) AS definition FROM pg_class t, pg_class i, pg_index ix, pg_attribute a WHERE t.oid = ix.indrelid AND i.oid = ix.indexrelid AND a.attrelid = t.oid AND t.relkind = 'r' and t.relname = 'SequelizeMeta' GROUP BY i.relname, ix.indexrelid, ix.indisprimary, ix.indisunique, ix.indkey ORDER BY i.relname;, [object Object]
Fri Oct 01 2021 09:05:18 GMT+0100 (West Africa Standard Time): Executing (default): SELECT "name" FROM "SequelizeMeta" AS "SequelizeMeta" ORDER BY "SequelizeMeta"."name" ASC;, [object Object]
Fri Oct 01 2021 09:05:18 GMT+0100 (West Africa Standard Time): Executing (default): CREATE TABLE IF NOT EXISTS "SequelizeMeta" ("name" VARCHAR(255) NOT NULL UNIQUE , PRIMARY KEY ("name"));, [object Object]
Fri Oct 01 2021 09:05:18 GMT+0100 (West Africa Standard Time): Executing (default): SELECT i.relname AS name, ix.indisprimary AS primary, ix.indisunique AS unique, ix.indkey AS indkey, array_agg(a.attnum) as column_indexes, array_agg(a.attname) AS column_names, pg_get_indexdef(ix.indexrelid) AS definition FROM pg_class t, pg_class i, pg_index ix, pg_attribute a WHERE t.oid = ix.indrelid AND i.oid = ix.indexrelid AND a.attrelid = t.oid AND t.relkind = 'r' and t.relname = 'SequelizeMeta' GROUP BY i.relname, ix.indexrelid, ix.indisprimary, ix.indisunique, ix.indkey ORDER BY i.relname;, [object Object]
Fri Oct 01 2021 09:05:18 GMT+0100 (West Africa Standard Time): Executing (default): SELECT "name" FROM "SequelizeMeta" AS "SequelizeMeta" ORDER BY "SequelizeMeta"."name" ASC;, [object Object]
Fri Oct 01 2021 09:05:18 GMT+0100 (West Africa Standard Time): Executing (default): CREATE TABLE IF NOT EXISTS "SequelizeMeta" ("name" VARCHAR(255) NOT NULL UNIQUE , PRIMARY KEY ("name"));, [object Object]
Fri Oct 01 2021 09:05:18 GMT+0100 (West Africa Standard Time): Executing (default): SELECT i.relname AS name, ix.indisprimary AS primary, ix.indisunique AS unique, ix.indkey AS indkey, array_agg(a.attnum) as column_indexes, array_agg(a.attname) AS column_names, pg_get_indexdef(ix.indexrelid) AS definition FROM pg_class t, pg_class i, pg_index ix, pg_attribute a WHERE t.oid = ix.indrelid AND i.oid = ix.indexrelid AND a.attrelid = t.oid AND t.relkind = 'r' and t.relname = 'SequelizeMeta' GROUP BY i.relname, ix.indexrelid, ix.indisprimary, ix.indisunique, ix.indkey ORDER BY i.relname;, [object Object]
Fri Oct 01 2021 09:05:18 GMT+0100 (West Africa Standard Time): Executing (default): SELECT "name" FROM "SequelizeMeta" AS "SequelizeMeta" ORDER BY "SequelizeMeta"."name" ASC;, [object Object]
Fri Oct 01 2021 09:05:18 GMT+0100 (West Africa Standard Time): Executing (default): DROP TABLE IF EXISTS "Students";, [object Object]
Fri Oct 01 2021 09:05:19 GMT+0100 (West Africa Standard Time): Executing (default): CREATE TABLE IF NOT EXISTS "SequelizeMeta" ("name" VARCHAR(255) NOT NULL UNIQUE , PRIMARY KEY ("name"));, [object Object]
Fri Oct 01 2021 09:05:19 GMT+0100 (West Africa Standard Time): Executing (default): SELECT i.relname AS name, ix.indisprimary AS primary, ix.indisunique AS unique, ix.indkey AS indkey, array_agg(a.attnum) as column_indexes, array_agg(a.attname) AS column_names, pg_get_indexdef(ix.indexrelid) AS definition FROM pg_class t, pg_class i, pg_index ix, pg_attribute a WHERE t.oid = ix.indrelid AND i.oid = ix.indexrelid AND a.attrelid = t.oid AND t.relkind = 'r' and t.relname = 'SequelizeMeta' GROUP BY i.relname, ix.indexrelid, ix.indisprimary, ix.indisunique, ix.indkey ORDER BY i.relname;, [object Object]
Fri Oct 01 2021 09:05:19 GMT+0100 (West Africa Standard Time): Executing (default): DELETE FROM "SequelizeMeta" WHERE "name" = '20210930172753-create-student.js', [object Object]
Fri Oct 01 2021 09:05:19 GMT+0100 (West Africa Standard Time): Executing (default): SELECT 1+1 AS result, [object Object]
Fri Oct 01 2021 09:05:19 GMT+0100 (West Africa Standard Time): Executing (default): SELECT table_name FROM information_schema.tables WHERE table_schema = 'public' AND table_type LIKE '%TABLE' AND table_name != 'spatial_ref_sys';, [object Object]
Fri Oct 01 2021 09:05:19 GMT+0100 (West Africa Standard Time): Executing (default): SELECT pk.constraint_type as "Constraint",c.column_name as "Field", c.column_default as "Default",c.is_nullable as "Null", (CASE WHEN c.udt_name = 'hstore' THEN c.udt_name ELSE c.data_type END) || (CASE WHEN c.character_maximum_length IS NOT NULL THEN '(' || c.character_maximum_length || ')' ELSE '' END) as "Type", (SELECT array_agg(e.enumlabel) FROM pg_catalog.pg_type t JOIN pg_catalog.pg_enum e ON t.oid=e.enumtypid WHERE t.typname=c.udt_name) AS "special", (SELECT pgd.description FROM pg_catalog.pg_statio_all_tables AS st INNER JOIN pg_catalog.pg_description pgd on (pgd.objoid=st.relid) WHERE c.ordinal_position=pgd.objsubid AND c.table_name=st.relname) AS "Comment" FROM information_schema.columns c LEFT JOIN (SELECT tc.table_schema, tc.table_name, cu.column_name, tc.constraint_type FROM information_schema.TABLE_CONSTRAINTS tc JOIN information_schema.KEY_COLUMN_USAGE  cu ON tc.table_schema=cu.table_schema and tc.table_name=cu.table_name and tc.constraint_name=cu.constraint_name and tc.constraint_type='PRIMARY KEY') pk ON pk.table_schema=c.table_schema AND pk.table_name=c.table_name AND pk.column_name=c.column_name WHERE c.table_name = 'SequelizeMeta' AND c.table_schema = 'public', [object Object]
Fri Oct 01 2021 09:05:20 GMT+0100 (West Africa Standard Time): Executing (default): CREATE TABLE IF NOT EXISTS "SequelizeMeta" ("name" VARCHAR(255) NOT NULL UNIQUE , PRIMARY KEY ("name"));, [object Object]
Fri Oct 01 2021 09:05:20 GMT+0100 (West Africa Standard Time): Executing (default): SELECT i.relname AS name, ix.indisprimary AS primary, ix.indisunique AS unique, ix.indkey AS indkey, array_agg(a.attnum) as column_indexes, array_agg(a.attname) AS column_names, pg_get_indexdef(ix.indexrelid) AS definition FROM pg_class t, pg_class i, pg_index ix, pg_attribute a WHERE t.oid = ix.indrelid AND i.oid = ix.indexrelid AND a.attrelid = t.oid AND t.relkind = 'r' and t.relname = 'SequelizeMeta' GROUP BY i.relname, ix.indexrelid, ix.indisprimary, ix.indisunique, ix.indkey ORDER BY i.relname;, [object Object]
Fri Oct 01 2021 09:05:20 GMT+0100 (West Africa Standard Time): Executing (default): SELECT "name" FROM "SequelizeMeta" AS "SequelizeMeta" ORDER BY "SequelizeMeta"."name" ASC;, [object Object]
Fri Oct 01 2021 09:05:20 GMT+0100 (West Africa Standard Time): Executing (default): CREATE TABLE IF NOT EXISTS "SequelizeMeta" ("name" VARCHAR(255) NOT NULL UNIQUE , PRIMARY KEY ("name"));, [object Object]
Fri Oct 01 2021 09:05:20 GMT+0100 (West Africa Standard Time): Executing (default): SELECT i.relname AS name, ix.indisprimary AS primary, ix.indisunique AS unique, ix.indkey AS indkey, array_agg(a.attnum) as column_indexes, array_agg(a.attname) AS column_names, pg_get_indexdef(ix.indexrelid) AS definition FROM pg_class t, pg_class i, pg_index ix, pg_attribute a WHERE t.oid = ix.indrelid AND i.oid = ix.indexrelid AND a.attrelid = t.oid AND t.relkind = 'r' and t.relname = 'SequelizeMeta' GROUP BY i.relname, ix.indexrelid, ix.indisprimary, ix.indisunique, ix.indkey ORDER BY i.relname;, [object Object]
Fri Oct 01 2021 09:05:20 GMT+0100 (West Africa Standard Time): Executing (default): SELECT "name" FROM "SequelizeMeta" AS "SequelizeMeta" ORDER BY "SequelizeMeta"."name" ASC;, [object Object]
Fri Oct 01 2021 09:05:20 GMT+0100 (West Africa Standard Time): Executing (default): CREATE TABLE IF NOT EXISTS "SequelizeMeta" ("name" VARCHAR(255) NOT NULL UNIQUE , PRIMARY KEY ("name"));, [object Object]
Fri Oct 01 2021 09:05:20 GMT+0100 (West Africa Standard Time): Executing (default): SELECT i.relname AS name, ix.indisprimary AS primary, ix.indisunique AS unique, ix.indkey AS indkey, array_agg(a.attnum) as column_indexes, array_agg(a.attname) AS column_names, pg_get_indexdef(ix.indexrelid) AS definition FROM pg_class t, pg_class i, pg_index ix, pg_attribute a WHERE t.oid = ix.indrelid AND i.oid = ix.indexrelid AND a.attrelid = t.oid AND t.relkind = 'r' and t.relname = 'SequelizeMeta' GROUP BY i.relname, ix.indexrelid, ix.indisprimary, ix.indisunique, ix.indkey ORDER BY i.relname;, [object Object]
Fri Oct 01 2021 09:05:20 GMT+0100 (West Africa Standard Time): Executing (default): SELECT "name" FROM "SequelizeMeta" AS "SequelizeMeta" ORDER BY "SequelizeMeta"."name" ASC;, [object Object]
Fri Oct 01 2021 09:05:20 GMT+0100 (West Africa Standard Time): Executing (default): CREATE TABLE IF NOT EXISTS "Students" ("id" UUID , "name" VARCHAR(255), "country" VARCHAR(255), "program" VARCHAR(255), "status" VARCHAR(255), "createdAt" TIMESTAMP WITH TIME ZONE NOT NULL DEFAULT '2021-10-01 08:05:20.086 +00:00', "updatedAt" TIMESTAMP WITH TIME ZONE NOT NULL DEFAULT '2021-10-01 08:05:20.086 +00:00', PRIMARY KEY ("id"));, [object Object]
Fri Oct 01 2021 09:05:20 GMT+0100 (West Africa Standard Time): Executing (default): CREATE TABLE IF NOT EXISTS "SequelizeMeta" ("name" VARCHAR(255) NOT NULL UNIQUE , PRIMARY KEY ("name"));, [object Object]
Fri Oct 01 2021 09:05:20 GMT+0100 (West Africa Standard Time): Executing (default): SELECT i.relname AS name, ix.indisprimary AS primary, ix.indisunique AS unique, ix.indkey AS indkey, array_agg(a.attnum) as column_indexes, array_agg(a.attname) AS column_names, pg_get_indexdef(ix.indexrelid) AS definition FROM pg_class t, pg_class i, pg_index ix, pg_attribute a WHERE t.oid = ix.indrelid AND i.oid = ix.indexrelid AND a.attrelid = t.oid AND t.relkind = 'r' and t.relname = 'SequelizeMeta' GROUP BY i.relname, ix.indexrelid, ix.indisprimary, ix.indisunique, ix.indkey ORDER BY i.relname;, [object Object]
Fri Oct 01 2021 09:05:20 GMT+0100 (West Africa Standard Time): Executing (default): INSERT INTO "SequelizeMeta" ("name") VALUES ($1) RETURNING *;, [object Object]
Fri Oct 01 2021 09:07:04 GMT+0100 (West Africa Standard Time): Executing (default): SELECT "id", "country", "name", "program", "status", "createdAt", "updatedAt" FROM "Students" AS "Student" ORDER BY "Student"."updatedAt" DESC, "Student"."createdAt" DESC;, [object Object]
Fri Oct 01 2021 09:07:04 GMT+0100 (West Africa Standard Time): GET /students SUCCESSFUL
Fri Oct 01 2021 09:07:52 GMT+0100 (West Africa Standard Time): Executing (default): SELECT 1+1 AS result, [object Object]
Fri Oct 01 2021 09:07:52 GMT+0100 (West Africa Standard Time): Executing (default): SELECT table_name FROM information_schema.tables WHERE table_schema = 'public' AND table_type LIKE '%TABLE' AND table_name != 'spatial_ref_sys';, [object Object]
Fri Oct 01 2021 09:07:52 GMT+0100 (West Africa Standard Time): Executing (default): SELECT pk.constraint_type as "Constraint",c.column_name as "Field", c.column_default as "Default",c.is_nullable as "Null", (CASE WHEN c.udt_name = 'hstore' THEN c.udt_name ELSE c.data_type END) || (CASE WHEN c.character_maximum_length IS NOT NULL THEN '(' || c.character_maximum_length || ')' ELSE '' END) as "Type", (SELECT array_agg(e.enumlabel) FROM pg_catalog.pg_type t JOIN pg_catalog.pg_enum e ON t.oid=e.enumtypid WHERE t.typname=c.udt_name) AS "special", (SELECT pgd.description FROM pg_catalog.pg_statio_all_tables AS st INNER JOIN pg_catalog.pg_description pgd on (pgd.objoid=st.relid) WHERE c.ordinal_position=pgd.objsubid AND c.table_name=st.relname) AS "Comment" FROM information_schema.columns c LEFT JOIN (SELECT tc.table_schema, tc.table_name, cu.column_name, tc.constraint_type FROM information_schema.TABLE_CONSTRAINTS tc JOIN information_schema.KEY_COLUMN_USAGE  cu ON tc.table_schema=cu.table_schema and tc.table_name=cu.table_name and tc.constraint_name=cu.constraint_name and tc.constraint_type='PRIMARY KEY') pk ON pk.table_schema=c.table_schema AND pk.table_name=c.table_name AND pk.column_name=c.column_name WHERE c.table_name = 'SequelizeMeta' AND c.table_schema = 'public', [object Object]
Fri Oct 01 2021 09:07:52 GMT+0100 (West Africa Standard Time): Executing (default): CREATE TABLE IF NOT EXISTS "SequelizeMeta" ("name" VARCHAR(255) NOT NULL UNIQUE , PRIMARY KEY ("name"));, [object Object]
Fri Oct 01 2021 09:07:52 GMT+0100 (West Africa Standard Time): Executing (default): SELECT i.relname AS name, ix.indisprimary AS primary, ix.indisunique AS unique, ix.indkey AS indkey, array_agg(a.attnum) as column_indexes, array_agg(a.attname) AS column_names, pg_get_indexdef(ix.indexrelid) AS definition FROM pg_class t, pg_class i, pg_index ix, pg_attribute a WHERE t.oid = ix.indrelid AND i.oid = ix.indexrelid AND a.attrelid = t.oid AND t.relkind = 'r' and t.relname = 'SequelizeMeta' GROUP BY i.relname, ix.indexrelid, ix.indisprimary, ix.indisunique, ix.indkey ORDER BY i.relname;, [object Object]
Fri Oct 01 2021 09:07:52 GMT+0100 (West Africa Standard Time): Executing (default): SELECT "name" FROM "SequelizeMeta" AS "SequelizeMeta" ORDER BY "SequelizeMeta"."name" ASC;, [object Object]
Fri Oct 01 2021 09:07:52 GMT+0100 (West Africa Standard Time): Executing (default): CREATE TABLE IF NOT EXISTS "SequelizeMeta" ("name" VARCHAR(255) NOT NULL UNIQUE , PRIMARY KEY ("name"));, [object Object]
Fri Oct 01 2021 09:07:52 GMT+0100 (West Africa Standard Time): Executing (default): SELECT i.relname AS name, ix.indisprimary AS primary, ix.indisunique AS unique, ix.indkey AS indkey, array_agg(a.attnum) as column_indexes, array_agg(a.attname) AS column_names, pg_get_indexdef(ix.indexrelid) AS definition FROM pg_class t, pg_class i, pg_index ix, pg_attribute a WHERE t.oid = ix.indrelid AND i.oid = ix.indexrelid AND a.attrelid = t.oid AND t.relkind = 'r' and t.relname = 'SequelizeMeta' GROUP BY i.relname, ix.indexrelid, ix.indisprimary, ix.indisunique, ix.indkey ORDER BY i.relname;, [object Object]
Fri Oct 01 2021 09:07:52 GMT+0100 (West Africa Standard Time): Executing (default): SELECT "name" FROM "SequelizeMeta" AS "SequelizeMeta" ORDER BY "SequelizeMeta"."name" ASC;, [object Object]
Fri Oct 01 2021 09:07:52 GMT+0100 (West Africa Standard Time): Executing (default): CREATE TABLE IF NOT EXISTS "SequelizeMeta" ("name" VARCHAR(255) NOT NULL UNIQUE , PRIMARY KEY ("name"));, [object Object]
Fri Oct 01 2021 09:07:52 GMT+0100 (West Africa Standard Time): Executing (default): SELECT i.relname AS name, ix.indisprimary AS primary, ix.indisunique AS unique, ix.indkey AS indkey, array_agg(a.attnum) as column_indexes, array_agg(a.attname) AS column_names, pg_get_indexdef(ix.indexrelid) AS definition FROM pg_class t, pg_class i, pg_index ix, pg_attribute a WHERE t.oid = ix.indrelid AND i.oid = ix.indexrelid AND a.attrelid = t.oid AND t.relkind = 'r' and t.relname = 'SequelizeMeta' GROUP BY i.relname, ix.indexrelid, ix.indisprimary, ix.indisunique, ix.indkey ORDER BY i.relname;, [object Object]
Fri Oct 01 2021 09:07:52 GMT+0100 (West Africa Standard Time): Executing (default): SELECT "name" FROM "SequelizeMeta" AS "SequelizeMeta" ORDER BY "SequelizeMeta"."name" ASC;, [object Object]
Fri Oct 01 2021 09:07:52 GMT+0100 (West Africa Standard Time): Executing (default): DROP TABLE IF EXISTS "Students";, [object Object]
Fri Oct 01 2021 09:07:52 GMT+0100 (West Africa Standard Time): Executing (default): CREATE TABLE IF NOT EXISTS "SequelizeMeta" ("name" VARCHAR(255) NOT NULL UNIQUE , PRIMARY KEY ("name"));, [object Object]
Fri Oct 01 2021 09:07:52 GMT+0100 (West Africa Standard Time): Executing (default): SELECT i.relname AS name, ix.indisprimary AS primary, ix.indisunique AS unique, ix.indkey AS indkey, array_agg(a.attnum) as column_indexes, array_agg(a.attname) AS column_names, pg_get_indexdef(ix.indexrelid) AS definition FROM pg_class t, pg_class i, pg_index ix, pg_attribute a WHERE t.oid = ix.indrelid AND i.oid = ix.indexrelid AND a.attrelid = t.oid AND t.relkind = 'r' and t.relname = 'SequelizeMeta' GROUP BY i.relname, ix.indexrelid, ix.indisprimary, ix.indisunique, ix.indkey ORDER BY i.relname;, [object Object]
Fri Oct 01 2021 09:07:52 GMT+0100 (West Africa Standard Time): Executing (default): DELETE FROM "SequelizeMeta" WHERE "name" = '20210930172753-create-student.js', [object Object]
Fri Oct 01 2021 09:07:53 GMT+0100 (West Africa Standard Time): Executing (default): SELECT 1+1 AS result, [object Object]
Fri Oct 01 2021 09:07:53 GMT+0100 (West Africa Standard Time): Executing (default): SELECT table_name FROM information_schema.tables WHERE table_schema = 'public' AND table_type LIKE '%TABLE' AND table_name != 'spatial_ref_sys';, [object Object]
Fri Oct 01 2021 09:07:53 GMT+0100 (West Africa Standard Time): Executing (default): SELECT pk.constraint_type as "Constraint",c.column_name as "Field", c.column_default as "Default",c.is_nullable as "Null", (CASE WHEN c.udt_name = 'hstore' THEN c.udt_name ELSE c.data_type END) || (CASE WHEN c.character_maximum_length IS NOT NULL THEN '(' || c.character_maximum_length || ')' ELSE '' END) as "Type", (SELECT array_agg(e.enumlabel) FROM pg_catalog.pg_type t JOIN pg_catalog.pg_enum e ON t.oid=e.enumtypid WHERE t.typname=c.udt_name) AS "special", (SELECT pgd.description FROM pg_catalog.pg_statio_all_tables AS st INNER JOIN pg_catalog.pg_description pgd on (pgd.objoid=st.relid) WHERE c.ordinal_position=pgd.objsubid AND c.table_name=st.relname) AS "Comment" FROM information_schema.columns c LEFT JOIN (SELECT tc.table_schema, tc.table_name, cu.column_name, tc.constraint_type FROM information_schema.TABLE_CONSTRAINTS tc JOIN information_schema.KEY_COLUMN_USAGE  cu ON tc.table_schema=cu.table_schema and tc.table_name=cu.table_name and tc.constraint_name=cu.constraint_name and tc.constraint_type='PRIMARY KEY') pk ON pk.table_schema=c.table_schema AND pk.table_name=c.table_name AND pk.column_name=c.column_name WHERE c.table_name = 'SequelizeMeta' AND c.table_schema = 'public', [object Object]
Fri Oct 01 2021 09:07:53 GMT+0100 (West Africa Standard Time): Executing (default): CREATE TABLE IF NOT EXISTS "SequelizeMeta" ("name" VARCHAR(255) NOT NULL UNIQUE , PRIMARY KEY ("name"));, [object Object]
Fri Oct 01 2021 09:07:53 GMT+0100 (West Africa Standard Time): Executing (default): SELECT i.relname AS name, ix.indisprimary AS primary, ix.indisunique AS unique, ix.indkey AS indkey, array_agg(a.attnum) as column_indexes, array_agg(a.attname) AS column_names, pg_get_indexdef(ix.indexrelid) AS definition FROM pg_class t, pg_class i, pg_index ix, pg_attribute a WHERE t.oid = ix.indrelid AND i.oid = ix.indexrelid AND a.attrelid = t.oid AND t.relkind = 'r' and t.relname = 'SequelizeMeta' GROUP BY i.relname, ix.indexrelid, ix.indisprimary, ix.indisunique, ix.indkey ORDER BY i.relname;, [object Object]
Fri Oct 01 2021 09:07:53 GMT+0100 (West Africa Standard Time): Executing (default): SELECT "name" FROM "SequelizeMeta" AS "SequelizeMeta" ORDER BY "SequelizeMeta"."name" ASC;, [object Object]
Fri Oct 01 2021 09:07:53 GMT+0100 (West Africa Standard Time): Executing (default): CREATE TABLE IF NOT EXISTS "SequelizeMeta" ("name" VARCHAR(255) NOT NULL UNIQUE , PRIMARY KEY ("name"));, [object Object]
Fri Oct 01 2021 09:07:53 GMT+0100 (West Africa Standard Time): Executing (default): SELECT i.relname AS name, ix.indisprimary AS primary, ix.indisunique AS unique, ix.indkey AS indkey, array_agg(a.attnum) as column_indexes, array_agg(a.attname) AS column_names, pg_get_indexdef(ix.indexrelid) AS definition FROM pg_class t, pg_class i, pg_index ix, pg_attribute a WHERE t.oid = ix.indrelid AND i.oid = ix.indexrelid AND a.attrelid = t.oid AND t.relkind = 'r' and t.relname = 'SequelizeMeta' GROUP BY i.relname, ix.indexrelid, ix.indisprimary, ix.indisunique, ix.indkey ORDER BY i.relname;, [object Object]
Fri Oct 01 2021 09:07:53 GMT+0100 (West Africa Standard Time): Executing (default): SELECT "name" FROM "SequelizeMeta" AS "SequelizeMeta" ORDER BY "SequelizeMeta"."name" ASC;, [object Object]
Fri Oct 01 2021 09:07:53 GMT+0100 (West Africa Standard Time): Executing (default): CREATE TABLE IF NOT EXISTS "SequelizeMeta" ("name" VARCHAR(255) NOT NULL UNIQUE , PRIMARY KEY ("name"));, [object Object]
Fri Oct 01 2021 09:07:53 GMT+0100 (West Africa Standard Time): Executing (default): SELECT i.relname AS name, ix.indisprimary AS primary, ix.indisunique AS unique, ix.indkey AS indkey, array_agg(a.attnum) as column_indexes, array_agg(a.attname) AS column_names, pg_get_indexdef(ix.indexrelid) AS definition FROM pg_class t, pg_class i, pg_index ix, pg_attribute a WHERE t.oid = ix.indrelid AND i.oid = ix.indexrelid AND a.attrelid = t.oid AND t.relkind = 'r' and t.relname = 'SequelizeMeta' GROUP BY i.relname, ix.indexrelid, ix.indisprimary, ix.indisunique, ix.indkey ORDER BY i.relname;, [object Object]
Fri Oct 01 2021 09:07:53 GMT+0100 (West Africa Standard Time): Executing (default): SELECT "name" FROM "SequelizeMeta" AS "SequelizeMeta" ORDER BY "SequelizeMeta"."name" ASC;, [object Object]
Fri Oct 01 2021 09:07:53 GMT+0100 (West Africa Standard Time): Executing (default): CREATE TABLE IF NOT EXISTS "Students" ("id" UUID , "name" VARCHAR(255), "country" VARCHAR(255), "program" VARCHAR(255), "status" VARCHAR(255), "createdAt" TIMESTAMP WITH TIME ZONE NOT NULL DEFAULT '2021-10-01 08:07:53.582 +00:00', "updatedAt" TIMESTAMP WITH TIME ZONE NOT NULL DEFAULT '2021-10-01 08:07:53.582 +00:00', PRIMARY KEY ("id"));, [object Object]
Fri Oct 01 2021 09:07:53 GMT+0100 (West Africa Standard Time): Executing (default): CREATE TABLE IF NOT EXISTS "SequelizeMeta" ("name" VARCHAR(255) NOT NULL UNIQUE , PRIMARY KEY ("name"));, [object Object]
Fri Oct 01 2021 09:07:53 GMT+0100 (West Africa Standard Time): Executing (default): SELECT i.relname AS name, ix.indisprimary AS primary, ix.indisunique AS unique, ix.indkey AS indkey, array_agg(a.attnum) as column_indexes, array_agg(a.attname) AS column_names, pg_get_indexdef(ix.indexrelid) AS definition FROM pg_class t, pg_class i, pg_index ix, pg_attribute a WHERE t.oid = ix.indrelid AND i.oid = ix.indexrelid AND a.attrelid = t.oid AND t.relkind = 'r' and t.relname = 'SequelizeMeta' GROUP BY i.relname, ix.indexrelid, ix.indisprimary, ix.indisunique, ix.indkey ORDER BY i.relname;, [object Object]
Fri Oct 01 2021 09:07:53 GMT+0100 (West Africa Standard Time): Executing (default): INSERT INTO "SequelizeMeta" ("name") VALUES ($1) RETURNING *;, [object Object]
Fri Oct 01 2021 09:07:54 GMT+0100 (West Africa Standard Time): Executing (default): SELECT 1+1 AS result, [object Object]
Fri Oct 01 2021 09:08:12 GMT+0100 (West Africa Standard Time): Executing (default): SELECT 1+1 AS result, [object Object]
Fri Oct 01 2021 09:08:14 GMT+0100 (West Africa Standard Time): Executing (default): SELECT 1+1 AS result, [object Object]
Fri Oct 01 2021 09:08:14 GMT+0100 (West Africa Standard Time): Executing (default): SELECT table_name FROM information_schema.tables WHERE table_schema = 'public' AND table_type LIKE '%TABLE' AND table_name != 'spatial_ref_sys';, [object Object]
Fri Oct 01 2021 09:08:14 GMT+0100 (West Africa Standard Time): Executing (default): SELECT pk.constraint_type as "Constraint",c.column_name as "Field", c.column_default as "Default",c.is_nullable as "Null", (CASE WHEN c.udt_name = 'hstore' THEN c.udt_name ELSE c.data_type END) || (CASE WHEN c.character_maximum_length IS NOT NULL THEN '(' || c.character_maximum_length || ')' ELSE '' END) as "Type", (SELECT array_agg(e.enumlabel) FROM pg_catalog.pg_type t JOIN pg_catalog.pg_enum e ON t.oid=e.enumtypid WHERE t.typname=c.udt_name) AS "special", (SELECT pgd.description FROM pg_catalog.pg_statio_all_tables AS st INNER JOIN pg_catalog.pg_description pgd on (pgd.objoid=st.relid) WHERE c.ordinal_position=pgd.objsubid AND c.table_name=st.relname) AS "Comment" FROM information_schema.columns c LEFT JOIN (SELECT tc.table_schema, tc.table_name, cu.column_name, tc.constraint_type FROM information_schema.TABLE_CONSTRAINTS tc JOIN information_schema.KEY_COLUMN_USAGE  cu ON tc.table_schema=cu.table_schema and tc.table_name=cu.table_name and tc.constraint_name=cu.constraint_name and tc.constraint_type='PRIMARY KEY') pk ON pk.table_schema=c.table_schema AND pk.table_name=c.table_name AND pk.column_name=c.column_name WHERE c.table_name = 'SequelizeMeta' AND c.table_schema = 'public', [object Object]
Fri Oct 01 2021 09:08:14 GMT+0100 (West Africa Standard Time): Executing (default): CREATE TABLE IF NOT EXISTS "SequelizeMeta" ("name" VARCHAR(255) NOT NULL UNIQUE , PRIMARY KEY ("name"));, [object Object]
Fri Oct 01 2021 09:08:14 GMT+0100 (West Africa Standard Time): Executing (default): SELECT i.relname AS name, ix.indisprimary AS primary, ix.indisunique AS unique, ix.indkey AS indkey, array_agg(a.attnum) as column_indexes, array_agg(a.attname) AS column_names, pg_get_indexdef(ix.indexrelid) AS definition FROM pg_class t, pg_class i, pg_index ix, pg_attribute a WHERE t.oid = ix.indrelid AND i.oid = ix.indexrelid AND a.attrelid = t.oid AND t.relkind = 'r' and t.relname = 'SequelizeMeta' GROUP BY i.relname, ix.indexrelid, ix.indisprimary, ix.indisunique, ix.indkey ORDER BY i.relname;, [object Object]
Fri Oct 01 2021 09:08:14 GMT+0100 (West Africa Standard Time): Executing (default): SELECT "name" FROM "SequelizeMeta" AS "SequelizeMeta" ORDER BY "SequelizeMeta"."name" ASC;, [object Object]
Fri Oct 01 2021 09:08:14 GMT+0100 (West Africa Standard Time): Executing (default): CREATE TABLE IF NOT EXISTS "SequelizeMeta" ("name" VARCHAR(255) NOT NULL UNIQUE , PRIMARY KEY ("name"));, [object Object]
Fri Oct 01 2021 09:08:14 GMT+0100 (West Africa Standard Time): Executing (default): SELECT i.relname AS name, ix.indisprimary AS primary, ix.indisunique AS unique, ix.indkey AS indkey, array_agg(a.attnum) as column_indexes, array_agg(a.attname) AS column_names, pg_get_indexdef(ix.indexrelid) AS definition FROM pg_class t, pg_class i, pg_index ix, pg_attribute a WHERE t.oid = ix.indrelid AND i.oid = ix.indexrelid AND a.attrelid = t.oid AND t.relkind = 'r' and t.relname = 'SequelizeMeta' GROUP BY i.relname, ix.indexrelid, ix.indisprimary, ix.indisunique, ix.indkey ORDER BY i.relname;, [object Object]
Fri Oct 01 2021 09:08:14 GMT+0100 (West Africa Standard Time): Executing (default): SELECT "name" FROM "SequelizeMeta" AS "SequelizeMeta" ORDER BY "SequelizeMeta"."name" ASC;, [object Object]
Fri Oct 01 2021 09:08:14 GMT+0100 (West Africa Standard Time): Executing (default): CREATE TABLE IF NOT EXISTS "SequelizeMeta" ("name" VARCHAR(255) NOT NULL UNIQUE , PRIMARY KEY ("name"));, [object Object]
Fri Oct 01 2021 09:08:14 GMT+0100 (West Africa Standard Time): Executing (default): SELECT i.relname AS name, ix.indisprimary AS primary, ix.indisunique AS unique, ix.indkey AS indkey, array_agg(a.attnum) as column_indexes, array_agg(a.attname) AS column_names, pg_get_indexdef(ix.indexrelid) AS definition FROM pg_class t, pg_class i, pg_index ix, pg_attribute a WHERE t.oid = ix.indrelid AND i.oid = ix.indexrelid AND a.attrelid = t.oid AND t.relkind = 'r' and t.relname = 'SequelizeMeta' GROUP BY i.relname, ix.indexrelid, ix.indisprimary, ix.indisunique, ix.indkey ORDER BY i.relname;, [object Object]
Fri Oct 01 2021 09:08:14 GMT+0100 (West Africa Standard Time): Executing (default): SELECT "name" FROM "SequelizeMeta" AS "SequelizeMeta" ORDER BY "SequelizeMeta"."name" ASC;, [object Object]
Fri Oct 01 2021 09:08:14 GMT+0100 (West Africa Standard Time): Executing (default): DROP TABLE IF EXISTS "Students";, [object Object]
Fri Oct 01 2021 09:08:14 GMT+0100 (West Africa Standard Time): Executing (default): CREATE TABLE IF NOT EXISTS "SequelizeMeta" ("name" VARCHAR(255) NOT NULL UNIQUE , PRIMARY KEY ("name"));, [object Object]
Fri Oct 01 2021 09:08:14 GMT+0100 (West Africa Standard Time): Executing (default): SELECT i.relname AS name, ix.indisprimary AS primary, ix.indisunique AS unique, ix.indkey AS indkey, array_agg(a.attnum) as column_indexes, array_agg(a.attname) AS column_names, pg_get_indexdef(ix.indexrelid) AS definition FROM pg_class t, pg_class i, pg_index ix, pg_attribute a WHERE t.oid = ix.indrelid AND i.oid = ix.indexrelid AND a.attrelid = t.oid AND t.relkind = 'r' and t.relname = 'SequelizeMeta' GROUP BY i.relname, ix.indexrelid, ix.indisprimary, ix.indisunique, ix.indkey ORDER BY i.relname;, [object Object]
Fri Oct 01 2021 09:08:14 GMT+0100 (West Africa Standard Time): Executing (default): DELETE FROM "SequelizeMeta" WHERE "name" = '20210930172753-create-student.js', [object Object]
Fri Oct 01 2021 09:08:15 GMT+0100 (West Africa Standard Time): Executing (default): SELECT 1+1 AS result, [object Object]
Fri Oct 01 2021 09:08:15 GMT+0100 (West Africa Standard Time): Executing (default): SELECT table_name FROM information_schema.tables WHERE table_schema = 'public' AND table_type LIKE '%TABLE' AND table_name != 'spatial_ref_sys';, [object Object]
Fri Oct 01 2021 09:08:15 GMT+0100 (West Africa Standard Time): Executing (default): SELECT pk.constraint_type as "Constraint",c.column_name as "Field", c.column_default as "Default",c.is_nullable as "Null", (CASE WHEN c.udt_name = 'hstore' THEN c.udt_name ELSE c.data_type END) || (CASE WHEN c.character_maximum_length IS NOT NULL THEN '(' || c.character_maximum_length || ')' ELSE '' END) as "Type", (SELECT array_agg(e.enumlabel) FROM pg_catalog.pg_type t JOIN pg_catalog.pg_enum e ON t.oid=e.enumtypid WHERE t.typname=c.udt_name) AS "special", (SELECT pgd.description FROM pg_catalog.pg_statio_all_tables AS st INNER JOIN pg_catalog.pg_description pgd on (pgd.objoid=st.relid) WHERE c.ordinal_position=pgd.objsubid AND c.table_name=st.relname) AS "Comment" FROM information_schema.columns c LEFT JOIN (SELECT tc.table_schema, tc.table_name, cu.column_name, tc.constraint_type FROM information_schema.TABLE_CONSTRAINTS tc JOIN information_schema.KEY_COLUMN_USAGE  cu ON tc.table_schema=cu.table_schema and tc.table_name=cu.table_name and tc.constraint_name=cu.constraint_name and tc.constraint_type='PRIMARY KEY') pk ON pk.table_schema=c.table_schema AND pk.table_name=c.table_name AND pk.column_name=c.column_name WHERE c.table_name = 'SequelizeMeta' AND c.table_schema = 'public', [object Object]
Fri Oct 01 2021 09:08:15 GMT+0100 (West Africa Standard Time): Executing (default): CREATE TABLE IF NOT EXISTS "SequelizeMeta" ("name" VARCHAR(255) NOT NULL UNIQUE , PRIMARY KEY ("name"));, [object Object]
Fri Oct 01 2021 09:08:15 GMT+0100 (West Africa Standard Time): Executing (default): SELECT i.relname AS name, ix.indisprimary AS primary, ix.indisunique AS unique, ix.indkey AS indkey, array_agg(a.attnum) as column_indexes, array_agg(a.attname) AS column_names, pg_get_indexdef(ix.indexrelid) AS definition FROM pg_class t, pg_class i, pg_index ix, pg_attribute a WHERE t.oid = ix.indrelid AND i.oid = ix.indexrelid AND a.attrelid = t.oid AND t.relkind = 'r' and t.relname = 'SequelizeMeta' GROUP BY i.relname, ix.indexrelid, ix.indisprimary, ix.indisunique, ix.indkey ORDER BY i.relname;, [object Object]
Fri Oct 01 2021 09:08:15 GMT+0100 (West Africa Standard Time): Executing (default): SELECT "name" FROM "SequelizeMeta" AS "SequelizeMeta" ORDER BY "SequelizeMeta"."name" ASC;, [object Object]
Fri Oct 01 2021 09:08:15 GMT+0100 (West Africa Standard Time): Executing (default): CREATE TABLE IF NOT EXISTS "SequelizeMeta" ("name" VARCHAR(255) NOT NULL UNIQUE , PRIMARY KEY ("name"));, [object Object]
Fri Oct 01 2021 09:08:15 GMT+0100 (West Africa Standard Time): Executing (default): SELECT i.relname AS name, ix.indisprimary AS primary, ix.indisunique AS unique, ix.indkey AS indkey, array_agg(a.attnum) as column_indexes, array_agg(a.attname) AS column_names, pg_get_indexdef(ix.indexrelid) AS definition FROM pg_class t, pg_class i, pg_index ix, pg_attribute a WHERE t.oid = ix.indrelid AND i.oid = ix.indexrelid AND a.attrelid = t.oid AND t.relkind = 'r' and t.relname = 'SequelizeMeta' GROUP BY i.relname, ix.indexrelid, ix.indisprimary, ix.indisunique, ix.indkey ORDER BY i.relname;, [object Object]
Fri Oct 01 2021 09:08:15 GMT+0100 (West Africa Standard Time): Executing (default): SELECT "name" FROM "SequelizeMeta" AS "SequelizeMeta" ORDER BY "SequelizeMeta"."name" ASC;, [object Object]
Fri Oct 01 2021 09:08:15 GMT+0100 (West Africa Standard Time): Executing (default): CREATE TABLE IF NOT EXISTS "SequelizeMeta" ("name" VARCHAR(255) NOT NULL UNIQUE , PRIMARY KEY ("name"));, [object Object]
Fri Oct 01 2021 09:08:15 GMT+0100 (West Africa Standard Time): Executing (default): SELECT i.relname AS name, ix.indisprimary AS primary, ix.indisunique AS unique, ix.indkey AS indkey, array_agg(a.attnum) as column_indexes, array_agg(a.attname) AS column_names, pg_get_indexdef(ix.indexrelid) AS definition FROM pg_class t, pg_class i, pg_index ix, pg_attribute a WHERE t.oid = ix.indrelid AND i.oid = ix.indexrelid AND a.attrelid = t.oid AND t.relkind = 'r' and t.relname = 'SequelizeMeta' GROUP BY i.relname, ix.indexrelid, ix.indisprimary, ix.indisunique, ix.indkey ORDER BY i.relname;, [object Object]
Fri Oct 01 2021 09:08:15 GMT+0100 (West Africa Standard Time): Executing (default): SELECT "name" FROM "SequelizeMeta" AS "SequelizeMeta" ORDER BY "SequelizeMeta"."name" ASC;, [object Object]
Fri Oct 01 2021 09:08:15 GMT+0100 (West Africa Standard Time): Executing (default): CREATE TABLE IF NOT EXISTS "Students" ("id" UUID , "name" VARCHAR(255), "country" VARCHAR(255), "program" VARCHAR(255), "status" VARCHAR(255), "createdAt" TIMESTAMP WITH TIME ZONE NOT NULL DEFAULT '2021-10-01 08:08:15.613 +00:00', "updatedAt" TIMESTAMP WITH TIME ZONE NOT NULL DEFAULT '2021-10-01 08:08:15.613 +00:00', PRIMARY KEY ("id"));, [object Object]
Fri Oct 01 2021 09:08:15 GMT+0100 (West Africa Standard Time): Executing (default): CREATE TABLE IF NOT EXISTS "SequelizeMeta" ("name" VARCHAR(255) NOT NULL UNIQUE , PRIMARY KEY ("name"));, [object Object]
Fri Oct 01 2021 09:08:15 GMT+0100 (West Africa Standard Time): Executing (default): SELECT i.relname AS name, ix.indisprimary AS primary, ix.indisunique AS unique, ix.indkey AS indkey, array_agg(a.attnum) as column_indexes, array_agg(a.attname) AS column_names, pg_get_indexdef(ix.indexrelid) AS definition FROM pg_class t, pg_class i, pg_index ix, pg_attribute a WHERE t.oid = ix.indrelid AND i.oid = ix.indexrelid AND a.attrelid = t.oid AND t.relkind = 'r' and t.relname = 'SequelizeMeta' GROUP BY i.relname, ix.indexrelid, ix.indisprimary, ix.indisunique, ix.indkey ORDER BY i.relname;, [object Object]
Fri Oct 01 2021 09:08:15 GMT+0100 (West Africa Standard Time): Executing (default): INSERT INTO "SequelizeMeta" ("name") VALUES ($1) RETURNING *;, [object Object]
Fri Oct 01 2021 09:08:16 GMT+0100 (West Africa Standard Time): Executing (default): SELECT 1+1 AS result, [object Object]
Fri Oct 01 2021 09:08:17 GMT+0100 (West Africa Standard Time): Executing (default): INSERT INTO "Students" ("name","program","id","country","status") VALUES ('Charlotte Morissette','Engineering Manager','3c9c96ef-555b-4e6c-84a9-eab0e015af86','wales','student'),('Claudia Langosh I','Software Engineering','70afb8ec-2936-4e23-8330-1b37cc76e138','united kingdom','alumni'),('Regina Koepp','Software Engineering','fef76f74-b00e-4333-bdbd-d00b1a49e8d2','portugal','alumni'),('Tyrone Langosh','Data Science','053d4eed-c7fb-4eab-ba91-de36a785495e','finland','student');, [object Object]
Fri Oct 01 2021 09:08:53 GMT+0100 (West Africa Standard Time): Executing (default): SELECT "id", "country", "name", "program", "status", "createdAt", "updatedAt" FROM "Students" AS "Student" ORDER BY "Student"."updatedAt" DESC, "Student"."createdAt" DESC;, [object Object]
Fri Oct 01 2021 09:08:53 GMT+0100 (West Africa Standard Time): GET /students SUCCESSFUL
Fri Oct 01 2021 09:21:21 GMT+0100 (West Africa Standard Time): Executing (default): SELECT "id", "country", "name", "program", "status", "createdAt", "updatedAt" FROM "Students" AS "Student" ORDER BY "Student"."updatedAt" DESC, "Student"."createdAt" DESC;, [object Object]
Fri Oct 01 2021 09:21:21 GMT+0100 (West Africa Standard Time): GET /students SUCCESSFUL
Fri Oct 01 2021 09:23:45 GMT+0100 (West Africa Standard Time): Executing (default): SELECT "id", "country", "name", "program", "status", "createdAt", "updatedAt" FROM "Students" AS "Student" ORDER BY "Student"."updatedAt" DESC, "Student"."createdAt" DESC;, [object Object]
Fri Oct 01 2021 09:23:45 GMT+0100 (West Africa Standard Time): GET /students SUCCESSFUL
Fri Oct 01 2021 09:24:59 GMT+0100 (West Africa Standard Time): Executing (default): SELECT "id", "country", "name", "program", "status", "createdAt", "updatedAt" FROM "Students" AS "Student" ORDER BY "Student"."updatedAt" DESC, "Student"."createdAt" DESC;, [object Object]
Fri Oct 01 2021 09:24:59 GMT+0100 (West Africa Standard Time): GET /students SUCCESSFUL
Fri Oct 01 2021 09:29:57 GMT+0100 (West Africa Standard Time): Executing (default): SELECT "id", "country", "name", "program", "status", "createdAt", "updatedAt" FROM "Students" AS "Student" ORDER BY "Student"."updatedAt" DESC, "Student"."createdAt" DESC;, [object Object]
Fri Oct 01 2021 09:29:57 GMT+0100 (West Africa Standard Time): GET /students SUCCESSFUL
Fri Oct 01 2021 09:33:31 GMT+0100 (West Africa Standard Time): Executing (default): SELECT "id", "country", "name", "program", "status", "createdAt", "updatedAt" FROM "Students" AS "Student" ORDER BY "Student"."updatedAt" DESC, "Student"."createdAt" DESC;, [object Object]
Fri Oct 01 2021 09:33:31 GMT+0100 (West Africa Standard Time): GET /students SUCCESSFUL
Fri Oct 01 2021 09:47:00 GMT+0100 (West Africa Standard Time): Executing (default): SELECT "id", "country", "name", "program", "status", "createdAt", "updatedAt" FROM "Students" AS "Student" ORDER BY "Student"."updatedAt" DESC, "Student"."createdAt" DESC;, [object Object]
Fri Oct 01 2021 09:47:00 GMT+0100 (West Africa Standard Time): GET /students SUCCESSFUL
Fri Oct 01 2021 09:47:04 GMT+0100 (West Africa Standard Time): Executing (default): SELECT "id", "country", "name", "program", "status", "createdAt", "updatedAt" FROM "Students" AS "Student" ORDER BY "Student"."updatedAt" DESC, "Student"."createdAt" DESC;, [object Object]
Fri Oct 01 2021 09:47:04 GMT+0100 (West Africa Standard Time): GET /students SUCCESSFUL
Fri Oct 01 2021 09:51:11 GMT+0100 (West Africa Standard Time): Executing (default): SELECT "id", "country", "name", "program", "status", "createdAt", "updatedAt" FROM "Students" AS "Student" ORDER BY "Student"."updatedAt" DESC, "Student"."createdAt" DESC;, [object Object]
Fri Oct 01 2021 09:51:11 GMT+0100 (West Africa Standard Time): GET /students SUCCESSFUL
